STEP to UG
! INFO-     NX STEP AP214 - V2206.1700
! INFO-      
! INFO-     Start of Translation: 28-MAR-2023  10:18:19 AM
! INFO-      
! STATUS-   Converting Part: C:\Users\Z004D5TP\Desktop\FD_dataset\dataset\2_big_.stp
! SUMMARY-   
! SUMMARY-    STEP Header Information
! SUMMARY-   
! SUMMARY-  Description      Unknown
! SUMMARY-  Imp_Level        2;1
! SUMMARY-  File_Name        2_big_.stp
! SUMMARY-  Date             2023-03-28T10:12:26+02:00
! SUMMARY-  Author           Unknown
! SUMMARY-  Organization     Unknown
! SUMMARY-  Pre_Version      ST-DEVELOPER v18.102
! SUMMARY-  Orig_System      SIEMENS PLM Software NX2206.1700
! SUMMARY-  Authorization    Unknown
! SUMMARY-  Schema_ID        automotive_design
! SUMMARY-   
! SUMMARY-    Summary of STEP Entities
! SUMMARY-   
! SUMMARY-  Entity Type                                                   Count
! SUMMARY-  -----------                                                   ------
! SUMMARY-  advanced_face ..............................................:    152
! SUMMARY-  application_context ........................................:      1
! SUMMARY-  axis2_placement_3d .........................................:    273
! SUMMARY-  b_spline_curve_with_knots ..................................:    225
! SUMMARY-  b_spline_surface_with_knots_and_rational_b_spline_surface ..:     66
! SUMMARY-  cartesian_point ............................................:   3380
! SUMMARY-  circle .....................................................:     98
! SUMMARY-  closed_shell ...............................................:      4
! SUMMARY-  conical_surface ............................................:     46
! SUMMARY-  conversion_based_unit_and_plane_angle_unit .................:      1
! SUMMARY-  cylindrical_surface ........................................:     28
! SUMMARY-  dimensional_exponents ......................................:      1
! SUMMARY-  direction ..................................................:    546
! SUMMARY-  edge_curve .................................................:    411
! SUMMARY-  edge_loop ..................................................:    164
! SUMMARY-  ellipse ....................................................:     88
! SUMMARY-  face_bound .................................................:     21
! SUMMARY-  face_outer_bound ...........................................:    143
! SUMMARY-  geometric_representation_context_and_global_uncertainty_a ..:      1
! SUMMARY-  length_unit_and_si_unit ....................................:      1
! SUMMARY-  manifold_solid_brep ........................................:      4
! SUMMARY-  oriented_edge ..............................................:    822
! SUMMARY-  plane ......................................................:     11
! SUMMARY-  plane_angle_measure_with_unit ..............................:      1
! SUMMARY-  plane_angle_unit_and_si_unit ...............................:      1
! SUMMARY-  product ....................................................:      1
! SUMMARY-  product_context ............................................:      1
! SUMMARY-  product_definition .........................................:      1
! SUMMARY-  product_definition_context .................................:      1
! SUMMARY-  product_definition_formation_with_specified_source .........:      1
! SUMMARY-  product_definition_shape ...................................:      1
! SUMMARY-  product_related_product_category ...........................:      1
! SUMMARY-  si_unit_and_solid_angle_unit ...............................:      1
! SUMMARY-  toroidal_surface ...........................................:      1
! SUMMARY-  uncertainty_measure_with_unit ..............................:      1
! SUMMARY-  vertex_point ...............................................:    279
! SUMMARY-                                                               -------
! SUMMARY-  Total                                                           6778
! STATUS-    
! STATUS-   Converting to Output Form (Phase 2 of 3): 28-MAR-2023 10:18:19 AM
! STATUS-    
! STATUS-    
! STATUS-   Generating UG geometry and placing them in parts
! STATUS-    
! STATUS-   Creating the UG part (Phase 3 of 3): 28-MAR-2023  10:18:20 AM
! INFO-     Filing Part ..: C:\Users\Z004D5TP\Desktop\FD_dataset\dataset\2_big__stp.prt
! SUMMARY-   
! SUMMARY-  Summary of Unigraphics Part Entities
! SUMMARY-   
! SUMMARY-  Entities Processed             Count
! SUMMARY-  ------------------             -----
! SUMMARY-  Solid .......................:     4
! SUMMARY-                                 -----
! SUMMARY-  Total                              4
! INFO-      
! INFO-     Total number of solids input for this translation       :         4
! INFO-      
! INFO-     Number of solids created without body validation faults :         4
! INFO-      
! INFO-     Number of solids created with body validation fault(s)  :         0
! INFO-      
! INFO-     Number of solids ending up as sheet bodies              :         0
! INFO-      
! INFO-     End of Translation: 28-MAR-2023  10:18:21 AM
! INFO-      
