STEP to UG
! INFO-     NX STEP AP214 - V2206.1700
! INFO-      
! INFO-     Start of Translation: 28-MAR-2023  10:18:48 AM
! INFO-      
! STATUS-   Converting Part: C:\Users\Z004D5TP\Desktop\FD_dataset\dataset\4_big_.stp
! SUMMARY-   
! SUMMARY-    STEP Header Information
! SUMMARY-   
! SUMMARY-  Description      Unknown
! SUMMARY-  Imp_Level        2;1
! SUMMARY-  File_Name        4_big_.stp
! SUMMARY-  Date             2023-03-28T10:16:51+02:00
! SUMMARY-  Author           Unknown
! SUMMARY-  Organization     Unknown
! SUMMARY-  Pre_Version      ST-DEVELOPER v18.102
! SUMMARY-  Orig_System      SIEMENS PLM Software NX2206.1700
! SUMMARY-  Authorization    Unknown
! SUMMARY-  Schema_ID        automotive_design
! SUMMARY-   
! SUMMARY-    Summary of STEP Entities
! SUMMARY-   
! SUMMARY-  Entity Type                                                   Count
! SUMMARY-  -----------                                                   ------
! SUMMARY-  advanced_face ..............................................:    467
! SUMMARY-  application_context ........................................:      1
! SUMMARY-  axis2_placement_3d .........................................:    757
! SUMMARY-  b_spline_curve_with_knots ..................................:    341
! SUMMARY-  b_spline_curve_with_knots_and_rational_b_spline_curve ......:     11
! SUMMARY-  b_spline_surface_with_knots ................................:     39
! SUMMARY-  b_spline_surface_with_knots_and_rational_b_spline_surface ..:     35
! SUMMARY-  cartesian_point ............................................:  38425
! SUMMARY-  circle .....................................................:    349
! SUMMARY-  closed_shell ...............................................:      7
! SUMMARY-  conical_surface ............................................:      3
! SUMMARY-  conversion_based_unit_and_plane_angle_unit .................:      1
! SUMMARY-  cylindrical_surface ........................................:    319
! SUMMARY-  dimensional_exponents ......................................:      1
! SUMMARY-  direction ..................................................:   1864
! SUMMARY-  edge_curve .................................................:   1035
! SUMMARY-  edge_loop ..................................................:    482
! SUMMARY-  ellipse ....................................................:     44
! SUMMARY-  face_bound .................................................:     27
! SUMMARY-  face_outer_bound ...........................................:    455
! SUMMARY-  geometric_representation_context_and_global_uncertainty_a ..:      1
! SUMMARY-  length_unit_and_si_unit ....................................:      1
! SUMMARY-  line .......................................................:    320
! SUMMARY-  manifold_solid_brep ........................................:      7
! SUMMARY-  oriented_edge ..............................................:   2070
! SUMMARY-  plane ......................................................:     25
! SUMMARY-  plane_angle_measure_with_unit ..............................:      1
! SUMMARY-  plane_angle_unit_and_si_unit ...............................:      1
! SUMMARY-  product ....................................................:      1
! SUMMARY-  product_context ............................................:      1
! SUMMARY-  product_definition .........................................:      1
! SUMMARY-  product_definition_context .................................:      1
! SUMMARY-  product_definition_formation_with_specified_source .........:      1
! SUMMARY-  product_definition_shape ...................................:      1
! SUMMARY-  product_related_product_category ...........................:      1
! SUMMARY-  si_unit_and_solid_angle_unit ...............................:      1
! SUMMARY-  spherical_surface ..........................................:      8
! SUMMARY-  surface_of_linear_extrusion ................................:     30
! SUMMARY-  toroidal_surface ...........................................:      8
! SUMMARY-  uncertainty_measure_with_unit ..............................:      1
! SUMMARY-  vector .....................................................:    350
! SUMMARY-  vertex_point ...............................................:    597
! SUMMARY-                                                               -------
! SUMMARY-  Total                                                          48091
! STATUS-    
! STATUS-   Converting to Output Form (Phase 2 of 3): 28-MAR-2023 10:18:49 AM
! STATUS-    
! STATUS-    
! STATUS-   Generating UG geometry and placing them in parts
! STATUS-    
! STATUS-   Creating the UG part (Phase 3 of 3): 28-MAR-2023  10:19:00 AM
! INFO-     Filing Part ..: C:\Users\Z004D5TP\Desktop\FD_dataset\dataset\4_big__stp.prt
! SUMMARY-   
! SUMMARY-  Summary of Unigraphics Part Entities
! SUMMARY-   
! SUMMARY-  Entities Processed             Count
! SUMMARY-  ------------------             -----
! SUMMARY-  Solid .......................:     7
! SUMMARY-                                 -----
! SUMMARY-  Total                              7
! INFO-      
! INFO-     Total number of solids input for this translation       :         7
! INFO-      
! INFO-     Number of solids created without body validation faults :         7
! INFO-      
! INFO-     Number of solids created with body validation fault(s)  :         0
! INFO-      
! INFO-     Number of solids ending up as sheet bodies              :         0
! INFO-      
! INFO-     End of Translation: 28-MAR-2023  10:19:01 AM
! INFO-      
